<?xml version="1.0" encoding="UTF-8"?>
<!-- Generated by org.testng.reporters.JUnitXMLReporter -->
<testsuite hostname="Pradnya" name="Test" tests="4" failures="0" timestamp="21 Feb 2017 17:34:53 GMT" time="17.159" errors="0">
  <testcase name="testNavLink" time="2.501" classname="com.wbl.test.HomePageTest"/>
  <testcase name="testSearchbox" time="8.462" classname="com.wbl.test.HomePageTest"/>
  <testcase name="testnewUser" time="1.526" classname="com.wbl.test.HomePageTest"/>
  <testcase name="testsigninClick" time="4.601" classname="com.wbl.test.HomePageTest"/>
</testsuite> <!-- Test -->
