<?xml version="1.0" encoding="UTF-8"?>
<!-- Generated by org.testng.reporters.JUnitXMLReporter -->
<testsuite hostname="Pradnya" name="Test" tests="1" failures="0" timestamp="9 Feb 2017 00:17:05 GMT" time="0.078" errors="0">
  <testcase name="@BeforeClass before" time="0.0" classname="com.wbl.test.LoginPageTest">
    <failure type="java.lang.NullPointerException">
      <![CDATA[java.lang.NullPointerException
	at com.wbl.test.LoginPageTest.before(LoginPageTest.java:16)
... Removed 25 stack frames]]>
    </failure>
  </testcase> <!-- @BeforeClass before -->
  <testcase name="testlogin" time="0.0" classname="com.wbl.test.LoginPageTest">
    <skipped/>
  </testcase> <!-- testlogin -->
</testsuite> <!-- Test -->
